<?xml version="1.0" encoding="UTF-8"?>
<!-- Generated by org.testng.reporters.JUnitXMLReporter -->
<testsuite hostname="W358380Q9F0B" name="Default test" tests="3" failures="0" timestamp="29 Oct 2018 02:49:43 GMT" time="0.047" errors="0">
  <testcase name="AloginTest" time="0.007" classname="TestNG.AnnotationTestNG"/>
  <testcase name="homeTest" time="0.009" classname="TestNG.AnnotationTestNG"/>
  <testcase name="logoutTest" time="0.006" classname="TestNG.AnnotationTestNG"/>
</testsuite> <!-- Default test -->
