<?xml version="1.0" encoding="UTF-8"?>
<!-- Generated by org.testng.reporters.JUnitXMLReporter -->
<testsuite hostname="W358380Q9F0B" name="Sample Test" tests="4" failures="0" timestamp="18 Oct 2018 03:28:44 GMT" time="0.04" errors="0">
  <testcase name="testOne" time="0.005" classname="antpkg.TestA"/>
  <testcase name="testTwo" time="0.001" classname="antpkg.TestA"/>
  <testcase name="testOne" time="0.001" classname="antpkg.TestB"/>
  <testcase name="testTwo" time="0.006" classname="antpkg.TestB"/>
</testsuite> <!-- Sample Test -->
