<?xml version="1.0" encoding="UTF-8"?>
<!-- Generated by org.testng.reporters.JUnitXMLReporter -->
<testsuite hostname="W358380Q9F0B" name="Sample Test" tests="6" failures="1" timestamp="18 Oct 2018 03:35:53 GMT" time="73.877" errors="0">
  <testcase name="testOne" time="0.005" classname="antpkg.TestA"/>
  <testcase name="testTwo" time="0.002" classname="antpkg.TestA"/>
  <testcase name="testOne" time="0.002" classname="antpkg.TestB"/>
  <testcase name="testTwo" time="0.004" classname="antpkg.TestB"/>
  <testcase name="GetCollegeNameList" time="16.237" classname="TestNG.TestNGMultiPackage"/>
  <testcase name="ReadDataFromXLS" time="42.46" classname="TestNG.TestNGMultiPackage">
    <failure type="java.lang.IndexOutOfBoundsException" message="Index: 3, Size: 3">
      <![CDATA[java.lang.IndexOutOfBoundsException: Index: 3, Size: 3
	at java.util.ArrayList.rangeCheck(Unknown Source)
	at java.util.ArrayList.get(Unknown Source)
	at TestNG.TestNGMultiPackage.ReadDataFromXLS(TestNGMultiPackage.java:78)
... Removed 24 stack frames]]>
    </failure>
  </testcase> <!-- ReadDataFromXLS -->
</testsuite> <!-- Sample Test -->
